<?xml version="1.0" encoding="UTF-8"?>
<!-- Generated by org.testng.reporters.JUnitReportReporter -->
<testsuite hostname="ip-172-31-1-119" failures="0" tests="1" name="Test.RegistrationTest" time="3.161" errors="0" timestamp="2023-11-08T14:22:13 UTC" skipped="0">
  <testcase classname="Test.RegistrationTest" name="testUserRegistration" time="3.161"/>
  <system-out/>
</testsuite> <!-- Test.RegistrationTest -->
