<?xml version="1.0" encoding="UTF-8"?>
<!-- Generated by org.testng.reporters.JUnitReportReporter -->
<testsuite hostname="ip-172-31-10-221" failures="0" tests="1" name="Test.TransactionTest" time="29.573" errors="0" timestamp="2023-11-13T12:25:34 UTC" skipped="0">
  <testcase classname="Test.TransactionTest" name="testUserSearch" time="29.573"/>
  <system-out/>
</testsuite> <!-- Test.TransactionTest -->
