<?xml version="1.0" encoding="UTF-8"?>
<!-- Generated by org.testng.reporters.JUnitReportReporter -->
<testsuite hostname="ip-172-31-15-144" failures="0" tests="1" name="projectDemo.TestPropertyRegistration" time="10.824" errors="0" timestamp="2023-11-15T04:06:11 UTC" skipped="0">
  <testcase classname="projectDemo.TestPropertyRegistration" name="Main" time="10.824"/>
  <system-out/>
</testsuite> <!-- projectDemo.TestPropertyRegistration -->
