<?xml version="1.0" encoding="UTF-8"?>
<!-- Generated by org.testng.reporters.JUnitReportReporter -->
<testsuite hostname="ip-172-31-10-221" failures="0" tests="1" name="projectDemo.FullWebsiteTest" time="32.723" errors="0" timestamp="2023-11-14T17:21:06 UTC" skipped="0">
  <testcase classname="projectDemo.FullWebsiteTest" name="addToCartTest" time="32.723"/>
  <system-out/>
</testsuite> <!-- projectDemo.FullWebsiteTest -->
