<?xml version="1.0" encoding="UTF-8"?>
<!-- Generated by org.testng.reporters.JUnitReportReporter -->
<testsuite hostname="ip-172-31-10-221" failures="0" tests="1" name="Test.addtocartTest" time="10.621" errors="0" timestamp="2023-11-13T07:34:18 UTC" skipped="0">
  <testcase classname="Test.addtocartTest" name="testUserSearch" time="10.621"/>
  <system-out/>
</testsuite> <!-- Test.addtocartTest -->
