<?xml version="1.0" encoding="UTF-8"?>
<!-- Generated by org.testng.reporters.JUnitReportReporter -->
<testsuite hostname="ip-172-31-10-221" failures="0" tests="1" name="Test.AddtocartTest" time="6.582" errors="0" timestamp="2023-11-13T13:01:09 UTC" skipped="0">
  <testcase classname="Test.AddtocartTest" name="testUserSearch" time="6.582"/>
  <system-out/>
</testsuite> <!-- Test.AddtocartTest -->
