<?xml version="1.0" encoding="UTF-8"?>
<!-- Generated by org.testng.reporters.JUnitReportReporter -->
<testsuite hostname="ip-172-31-15-144" failures="0" tests="1" name="projectDemo.TestPropertyLogIn" time="8.398" errors="0" timestamp="2023-11-15T04:06:38 UTC" skipped="0">
  <testcase classname="projectDemo.TestPropertyLogIn" name="Main" time="8.398"/>
  <system-out/>
</testsuite> <!-- projectDemo.TestPropertyLogIn -->
