<?xml version="1.0" encoding="UTF-8"?>
<!-- Generated by org.testng.reporters.JUnitReportReporter -->
<testsuite hostname="ip-172-31-15-144" failures="0" tests="1" name="projectDemo.AddPets" time="18.356" errors="0" timestamp="2023-11-14T12:21:49 UTC" skipped="0">
  <testcase classname="projectDemo.AddPets" name="addPets" time="18.356"/>
  <system-out/>
</testsuite> <!-- projectDemo.AddPets -->
