<?xml version="1.0" encoding="UTF-8"?>
<!-- Generated by org.testng.reporters.JUnitReportReporter -->
<testsuite hostname="ip-172-31-8-216" failures="0" tests="2" name="Test.AddToCartFromSearch" time="12.104" errors="0" timestamp="2023-11-14T11:02:42 UTC" skipped="0">
  <testcase classname="Test.AddToCartFromSearch" name="f" time="4.215"/>
  <system-out/>
  <testcase classname="Test.AddToCartFromSearch" name="testUserSearch" time="7.889"/>
  <system-out/>
</testsuite> <!-- Test.AddToCartFromSearch -->
