<?xml version="1.0" encoding="UTF-8"?>
<!-- Generated by org.testng.reporters.JUnitReportReporter -->
<testsuite hostname="ip-172-31-10-221" failures="0" tests="1" name="Test.JPetSearchTest" time="10.090" errors="0" timestamp="2023-11-13T13:27:19 UTC" skipped="0">
  <testcase classname="Test.JPetSearchTest" name="testUserSearch" time="10.090"/>
  <system-out/>
</testsuite> <!-- Test.JPetSearchTest -->
