<?xml version="1.0" encoding="UTF-8"?>
<!-- Generated by org.testng.reporters.JUnitReportReporter -->
<testsuite hostname="ip-172-31-10-221" failures="0" tests="1" name="Test.BasicSingInSignoutTest" time="18.665" errors="0" timestamp="2023-11-13T12:56:52 UTC" skipped="0">
  <testcase classname="Test.BasicSingInSignoutTest" name="f" time="18.665"/>
  <system-out/>
</testsuite> <!-- Test.BasicSingInSignoutTest -->
