<?xml version="1.0" encoding="UTF-8"?>
<!-- Generated by org.testng.reporters.JUnitReportReporter -->
<testsuite hostname="ip-172-31-8-216" failures="0" tests="1" name="projectDemo.AddPets" time="13.341" errors="0" timestamp="2023-11-14T11:12:28 UTC" skipped="0">
  <testcase classname="projectDemo.AddPets" name="addPets" time="13.341"/>
  <system-out/>
</testsuite> <!-- projectDemo.AddPets -->
