<?xml version="1.0" encoding="UTF-8"?>
<!-- Generated by org.testng.reporters.JUnitReportReporter -->
<testsuite hostname="ip-172-31-10-221" failures="0" tests="1" name="projectDemo.FullWebsiteTest" time="36.334" errors="0" timestamp="2023-11-13T20:09:28 UTC" skipped="0">
  <testcase classname="projectDemo.FullWebsiteTest" name="addToCartTest" time="36.334"/>
  <system-out/>
</testsuite> <!-- projectDemo.FullWebsiteTest -->
