<?xml version="1.0" encoding="UTF-8"?>
<!-- Generated by org.testng.reporters.JUnitReportReporter -->
<testsuite hostname="ip-172-31-10-221" failures="0" tests="2" name="Test.AddToCartFromSearch" time="9.928" errors="0" timestamp="2023-11-13T13:17:08 UTC" skipped="0">
  <testcase classname="Test.AddToCartFromSearch" name="f" time="3.869"/>
  <system-out/>
  <testcase classname="Test.AddToCartFromSearch" name="testUserSearch" time="6.059"/>
  <system-out/>
</testsuite> <!-- Test.AddToCartFromSearch -->
