<?xml version="1.0" encoding="UTF-8"?>
<!-- Generated by org.testng.reporters.JUnitReportReporter -->
<testsuite hostname="ip-172-31-15-144" failures="0" tests="1" name="projectDemo.FullWebsiteTest" time="42.610" errors="0" timestamp="2023-11-15T04:17:01 UTC" skipped="0">
  <testcase classname="projectDemo.FullWebsiteTest" name="addToCartTest" time="42.610"/>
  <system-out/>
</testsuite> <!-- projectDemo.FullWebsiteTest -->
