<?xml version="1.0" encoding="UTF-8"?>
<!-- Generated by org.testng.reporters.JUnitReportReporter -->
<testsuite hostname="ip-172-31-10-221" failures="0" tests="1" name="Test.MyAccountTest" time="21.956" errors="0" timestamp="2023-11-13T11:30:45 UTC" skipped="0">
  <testcase classname="Test.MyAccountTest" name="f" time="21.956"/>
  <system-out/>
</testsuite> <!-- Test.MyAccountTest -->
