<?xml version="1.0" encoding="UTF-8"?>
<!-- Generated by org.testng.reporters.JUnitReportReporter -->
<testsuite hostname="ip-172-31-10-221" failures="0" tests="1" name="Test.DogTestWithIcon" time="23.165" errors="0" timestamp="2023-11-13T07:34:18 UTC" skipped="0">
  <testcase classname="Test.DogTestWithIcon" name="addDog" time="23.165"/>
  <system-out/>
</testsuite> <!-- Test.DogTestWithIcon -->
