<?xml version="1.0" encoding="UTF-8"?>
<!-- Generated by org.testng.reporters.JUnitReportReporter -->
<testsuite hostname="ip-172-31-1-119" failures="0" tests="1" name="Test.LoggingTestwithWrongUsername" time="1.189" errors="0" timestamp="2023-11-10T10:11:03 UTC" skipped="0">
  <testcase classname="Test.LoggingTestwithWrongUsername" name="f" time="1.189"/>
  <system-out/>
</testsuite> <!-- Test.LoggingTestwithWrongUsername -->
