<?xml version="1.0" encoding="UTF-8"?>
<!-- Generated by org.testng.reporters.JUnitReportReporter -->
<testsuite hostname="ip-172-31-10-221" failures="0" tests="1" name="Test.IconsTest" time="9.064" errors="0" timestamp="2023-11-13T13:03:29 UTC" skipped="0">
  <testcase classname="Test.IconsTest" name="f" time="9.064"/>
  <system-out/>
</testsuite> <!-- Test.IconsTest -->
