<?xml version="1.0" encoding="UTF-8"?>
<!-- Generated by org.testng.reporters.JUnitReportReporter -->
<testsuite hostname="ip-172-31-10-221" failures="0" tests="1" name="Test.TestOutOfStockPet" time="4.590" errors="0" timestamp="2023-11-13T13:22:26 UTC" skipped="0">
  <testcase classname="Test.TestOutOfStockPet" name="addToCartTest" time="4.590"/>
  <system-out/>
</testsuite> <!-- Test.TestOutOfStockPet -->
