<?xml version="1.0" encoding="UTF-8"?>
<!-- Generated by org.testng.reporters.JUnitReportReporter -->
<testsuite hostname="ip-172-31-10-221" failures="0" tests="1" name="projectDemo.TestPropertyLogIn" time="3.638" errors="0" timestamp="2023-11-14T17:21:06 UTC" skipped="0">
  <testcase classname="projectDemo.TestPropertyLogIn" name="Main" time="3.638"/>
  <system-out/>
</testsuite> <!-- projectDemo.TestPropertyLogIn -->
